Arguments: 
  D:\program software\nodejs\node.exe D:\program software\yarn\bin\yarn.js init

PATH: 
  D:\app\orcl\product\11.2.0\dbhome_1\bin;C:\Program Files (x86)\Intel\iCLS Client\;C:\Program Files\TortoiseSVN\bin;C:\Program Files (x86)\Lua\5.1;C:\Program Files (x86)\Lua\5.1\clibs;D:\Borland\Delphi6\Bin;D:\Borland\Delphi6\Projects\Bpl;C:\Program Files\Java\jdk1.6.0_45\bin;D:\program software\apache-maven-3.2.5\bin;D:\Delphi6\Bin;D:\Delphi6\Projects\Bpl;D:\DelphiControl\CX20060721\bpl;D:\Python27\;D:\program software\Microsoft VS Code\bin;D:\program software\ETL4.1\HSServerEngine\Library\;D:\program software\Git\cmd;C:\MinGW\bin;C:\Users\lira20990\.dnx\bin;C:\Program Files\Microsoft DNX\Dnvm\;C:\Program Files\Microsoft SQL Server\130\Tools\Binn\;C:\Program Files (x86)\Windows Kits\10\Windows Performance Toolkit\;C:\Program Files\Intel\iCLS Client\;C:\Windows\system32;C:\Windows;C:\Windows\System32\Wbem;C:\Windows\System32\WindowsPowerShell\v1.0\;C:\Program Files\Intel\WiFi\bin\;C:\Program Files\Common Files\Intel\WirelessCommon\;C:\Program Files (x86)\Intel\Intel(R) Management Engine Components\DAL;C:\Program Files\Intel\Intel(R) Management Engine Components\DAL;C:\Program Files (x86)\Intel\Intel(R) Management Engine Components\IPT;C:\Program Files\Intel\Intel(R) Management Engine Components\IPT;;D:\program software\nodejs\;D:\program software\yarn\bin;D:\program software\Microsoft VS Code\bin;C:\Users\lira20990\AppData\Local\GitHubDesktop\bin;C:\Users\lira20990\AppData\Local\Yarn\bin

Yarn version: 
  1.3.2

Node version: 
  8.9.3

Platform: 
  win32 ia32

npm manifest: 
  No manifest

yarn manifest: 
  No manifest

Lockfile: 
  No lockfile

Trace: 
  Error: canceled
      at Interface.<anonymous> (D:\program software\yarn\lib\cli.js:121045:13)
      at emitNone (events.js:106:13)
      at Interface.emit (events.js:208:7)
      at Interface._ttyWrite (readline.js:775:16)
      at ReadStream.onkeypress (readline.js:160:10)
      at emitTwo (events.js:126:13)
      at ReadStream.emit (events.js:214:7)
      at emitKeys (internal/readline.js:420:14)
      at emitKeys.next (<anonymous>)
      at ReadStream.onData (readline.js:1011:36)
